
Showing logs for build [32mcb-kubecd-bdd-gh-1587139749-pr-hwfjw-1[0m stage [32mfrom-build-pack[0m and container [32mstep-credential-initializer-r8q2t[0m
{"level":"warn","ts":1587140251.3812447,"logger":"fallback-logger","caller":"logging/config.go:69","msg":"Fetch GitHub commit ID from kodata failed: \"ref: refs/heads/0.8.0-**-support-backwards-incompats\" is not a valid GitHub commit ID"}
{"level":"info","ts":1587140251.381994,"logger":"fallback-logger","caller":"creds-init/main.go:40","msg":"Credentials initialized."}

Showing logs for build [32mcb-kubecd-bdd-gh-1587139749-pr-hwfjw-1[0m stage [32mfrom-build-pack[0m and container [32mstep-working-dir-initializer-8rj5r[0m
{"level":"warn","ts":1587140252.0373025,"logger":"fallback-logger","caller":"logging/config.go:69","msg":"Fetch GitHub commit ID from kodata failed: open /var/run/ko/HEAD: no such file or directory"}
{"level":"info","ts":1587140252.0386202,"logger":"fallback-logger","caller":"bash/main.go:64","msg":"Successfully executed command \"sh -c mkdir -p /workspace/source\"; output "}

Showing logs for build [32mcb-kubecd-bdd-gh-1587139749-pr-hwfjw-1[0m stage [32mfrom-build-pack[0m and container [32mstep-place-tools[0m

Showing logs for build [32mcb-kubecd-bdd-gh-1587139749-pr-hwfjw-1[0m stage [32mfrom-build-pack[0m and container [32mstep-git-source-cb-kubecd-bdd-gh-1587139749-pr-hwfjw-lx2tq[0m
{"level":"warn","ts":1587140258.1670465,"logger":"fallback-logger","caller":"logging/config.go:69","msg":"Fetch GitHub commit ID from kodata failed: \"ref: refs/heads/0.8.0-**-support-backwards-incompats\" is not a valid GitHub commit ID"}
{"level":"info","ts":1587140259.2414446,"logger":"fallback-logger","caller":"git/git.go:103","msg":"Successfully cloned https://github.com/cb-kubecd/bdd-gh-1587139749.git @ master in path /workspace/source"}

Showing logs for build [32mcb-kubecd-bdd-gh-1587139749-pr-hwfjw-1[0m stage [32mfrom-build-pack[0m and container [32mstep-git-merge[0m
Using SHAs from PULL_REFS=master:e4b10eb7713a9071d19f1d6e400efb0a67e26edd,1:9d2adf5fd0e9dae554ba080ad27017e85b68c5dc
DEBUG: LC_ALL=C JX_LOG_LEVEL=error git fetch origin --unshallow 9d2adf5fd0e9dae554ba080ad27017e85b68c5dc: e4b10eb7713a9071d19f1d6e400efb0a67e26edd:
DEBUG: ran git fetch --unshallow origin 9d2adf5fd0e9dae554ba080ad27017e85b68c5dc: e4b10eb7713a9071d19f1d6e400efb0a67e26edd: in 
DEBUG: LC_ALL=C JX_LOG_LEVEL=error git branch
DEBUG: LC_ALL=C JX_LOG_LEVEL=error git checkout master
DEBUG: ran git checkout master in 
DEBUG: LC_ALL=C JX_LOG_LEVEL=error git reset --hard e4b10eb7713a9071d19f1d6e400efb0a67e26edd
DEBUG: ran git reset --hard e4b10eb7713a9071d19f1d6e400efb0a67e26edd in 
DEBUG: LC_ALL=C JX_LOG_LEVEL=error git clean -fd .
DEBUG: ran clean --force -d . in 
DEBUG: LC_ALL=C JX_LOG_LEVEL=error git merge 9d2adf5fd0e9dae554ba080ad27017e85b68c5dc
DEBUG: ran git merge 9d2adf5fd0e9dae554ba080ad27017e85b68c5dc in 
DEBUG: LC_ALL=C JX_LOG_LEVEL=error git log --format=%H%x1f%an%x1f%ae%x1f%cn%x1f%ce%x1f%s%n%b%x1e e4b10eb7713a9071d19f1d6e400efb0a67e26edd..HEAD
Merged SHA 9d2adf5fd0e9dae554ba080ad27017e85b68c5dc with commit message 'My first PR commit' into base branch master

Showing logs for build [32mcb-kubecd-bdd-gh-1587139749-pr-hwfjw-1[0m stage [32mfrom-build-pack[0m and container [32mstep-build-make-linux[0m
CGO_ENABLED=0 GOOS=linux GOARCH=amd64 GO15VENDOREXPERIMENT=1 go build -ldflags '' -o bin/bdd-gh-1587139749 main.go

Showing logs for build [32mcb-kubecd-bdd-gh-1587139749-pr-hwfjw-1[0m stage [32mfrom-build-pack[0m and container [32mstep-build-container-build[0m
ERROR: logging before flag.Parse: E0417 16:17:46.000936      12 metadata.go:241] Failed to unmarshal scopes: invalid character 'h' looking for beginning of value
[36mINFO[0m[0000] No base image, nothing to extract            
[36mINFO[0m[0000] cmd: EXPOSE                                  
[36mINFO[0m[0000] Adding exposed port: 8080/tcp                
[36mINFO[0m[0000] Using files from context: [/workspace/source/bin] 
[36mINFO[0m[0000] Skipping unpacking as no commands require it. 
[36mINFO[0m[0000] Taking snapshot of full filesystem...        
[36mINFO[0m[0000] EXPOSE 8080                                  
[36mINFO[0m[0000] cmd: EXPOSE                                  
[36mINFO[0m[0000] Adding exposed port: 8080/tcp                
[36mINFO[0m[0000] No files changed in this command, skipping snapshotting. 
[36mINFO[0m[0000] ENTRYPOINT ["/bdd-gh-1587139749"]            
[36mINFO[0m[0000] No files changed in this command, skipping snapshotting. 
[36mINFO[0m[0000] Using files from context: [/workspace/source/bin] 
[36mINFO[0m[0000] COPY ./bin/ /                                
[36mINFO[0m[0000] Taking snapshot of files...                  
2020/04/17 16:17:49 pushed blob: sha256:023b2282b68d8bb12ea2598ce5e2db7137d5d1f6dac3d0770dd033eef4bdcab6
2020/04/17 16:17:50 pushed blob: sha256:be88a2a76e96c2a9d33f76d5f694c9b53ad74e653344586a566dfa2ae80fa039
2020/04/17 16:17:51 gcr.io/jenkins-x-labs-bdd/bdd-gh-1587139749:0.0.0-SNAPSHOT-PR-1-1: digest: sha256:a47162744b6f26a35beb1497bcdd72632f3ec4611f4c381218bc14861e9fdbe3 size: 428

Showing logs for build [32mcb-kubecd-bdd-gh-1587139749-pr-hwfjw-1[0m stage [32mfrom-build-pack[0m and container [32mstep-postbuild-post-build[0m
no CVE provider running in the current ** namespace so skip adding image to be analysed

Showing logs for build [32mcb-kubecd-bdd-gh-1587139749-pr-hwfjw-1[0m stage [32mfrom-build-pack[0m and container [32mstep-promote-make-preview[0m
sed -i -e "s/version:.*/version: 0.0.0-SNAPSHOT-PR-1-1/" Chart.yaml
sed -i -e "s/version:.*/version: 0.0.0-SNAPSHOT-PR-1-1/" ../*/Chart.yaml
sed -i -e "s|repository:.*|repository: gcr.io\/jenkins-x-labs-bdd\/bdd-gh-1587139749|" values.yaml
sed -i -e "s/tag:.*/tag: 0.0.0-SNAPSHOT-PR-1-1/" values.yaml
echo "  version: 0.0.0-SNAPSHOT-PR-1-1" >> requirements.yaml
** step helm build
WARNING: No $CHART_REPOSITORY defined so using the default value of: http://jenkins-x-chartmuseum:8080
Adding missing Helm repo: storage.googleapis.com https://storage.googleapis.com/chartmuseum.jenkins-x.io
Successfully added Helm repository storage.googleapis.com.
Adding missing Helm repo: jenkins-x-chartmuseum http://jenkins-x-chartmuseum:8080
Successfully added Helm repository jenkins-x-chartmuseum.
WARNING: No $CHART_REPOSITORY defined so using the default value of: http://jenkins-x-chartmuseum:8080

Showing logs for build [32mcb-kubecd-bdd-gh-1587139749-pr-hwfjw-1[0m stage [32mfrom-build-pack[0m and container [32mstep-promote-jx-preview[0m
Creating a preview
Created environment cb-kubecd-bdd-gh-1587139749-pr-1
Namespace **-cb-kubecd-bdd-gh-1587139749-pr-1 created 
expose:
  Annotations:
    helm.sh/hook: post-install,post-upgrade
    helm.sh/hook-delete-policy: hook-succeeded
  config:
    domain: 34.76.18.137.nip.io
    exposer: Ingress
    http: "true"
preview:
  image:
    repository: gcr.io/jenkins-x-labs-bdd/bdd-gh-1587139749
    tag: 0.0.0-SNAPSHOT-PR-1-1
adding helm values file /workspace/source/charts/preview/**Requirements.values.yaml for namespace **-cb-kubecd-bdd-gh-1587139749-pr-1
Updating PipelineActivities cb-kubecd-bdd-gh-1587139749-pr-1-1 which has status Running
WARNING: preview application http://bdd-gh-1587139749-**-cb-kubecd-bdd-gh-1587139749-pr-1.34.76.18.137.nip.io not available, error was 503 503 Service Temporarily Unavailable, delaying for: 1.252573036s
Preview application is now available at: http://bdd-gh-1587139749-**-cb-kubecd-bdd-gh-1587139749-pr-1.34.76.18.137.nip.io
